<?xml version="1.0" encoding="UTF-8"?>
<testsuite xmlns:xsi="http://www.w3.org/2001/XMLSchema-instance" xsi:noNamespaceSchemaLocation="https://maven.apache.org/surefire/maven-surefire-plugin/xsd/surefire-test-report-3.0.xsd" version="3.0" name="com.bankaccountapp.tests.AccountTests" time="0.049" tests="7" errors="0" skipped="0" failures="0">
  <properties>
[...]
</properties>
  <testcase name="withdrawIsNullShouldThrowException" classname="com.bankaccountapp.tests.AccountTests" time="0.027"/>
  <testcase name="withdrawWithInsufficientBalanceShouldThrowException" classname="com.bankaccountapp.tests.AccountTests" time="0.001"/>
  <testcase name="depositWithNegativeAmountShouldThrowException" classname="com.bankaccountapp.tests.AccountTests" time="0.002"/>
  <testcase name="depositIsNullShouldReturnException" classname="com.bankaccountapp.tests.AccountTests" time="0.001"/>
  <testcase name="depositIsZeroShouldThrowException" classname="com.bankaccountapp.tests.AccountTests" time="0.001"/>
  <testcase name="withdrawIsZeroShouldThrowException" classname="com.bankaccountapp.tests.AccountTests" time="0.001"/>
  <testcase name="withdrawWithNegativeAmountShouldThrowException" classname="com.bankaccountapp.tests.AccountTests" time="0.0"/>
</testsuite>